396  [main] INFO  m.m.task18.Task18Application – Starting Task18Application using Java 17 on localhost with PID 45801 (/home/mikholskiyivan/main/mirea/mirea-java-patterns/JavaPatternMirea/src/me/mikholsky/task18/task18/build/classes/java/main started by mikholskiyivan in /home/mikholskiyivan/main/mirea/mirea-java-patterns/JavaPatternMirea)
398  [main] INFO  m.m.task18.Task18Application – No active profile set, falling back to 1 default profile: "default"
727  [main] INFO  o.s.d.r.c.RepositoryConfigurationDelegate – Bootstrapping Spring Data JPA repositories in DEFAULT mode.
773  [main] INFO  o.s.d.r.c.RepositoryConfigurationDelegate – Finished Spring Data repository scanning in 38 ms. Found 2 JPA repository interfaces.
1206 [main] INFO  o.s.b.w.e.tomcat.TomcatWebServer – Tomcat initialized with port(s): 8081 (http)
1211 [main] INFO  o.a.coyote.http11.Http11NioProtocol – Initializing ProtocolHandler ["http-nio-8081"]
1211 [main] INFO  o.a.catalina.core.StandardService – Starting service [Tomcat]
1211 [main] INFO  o.a.catalina.core.StandardEngine – Starting Servlet engine: [Apache Tomcat/9.0.62]
1295 [main] INFO  o.a.c.c.C.[Tomcat].[localhost].[/] – Initializing Spring embedded WebApplicationContext
1295 [main] INFO  o.s.b.w.s.c.ServletWebServerApplicationContext – Root WebApplicationContext: initialization completed in 861 ms
1404 [main] INFO  com.zaxxer.hikari.HikariDataSource – HikariPool-1 - Starting...
1492 [main] INFO  com.zaxxer.hikari.HikariDataSource – HikariPool-1 - Start completed.
1521 [main] INFO  o.h.jpa.internal.util.LogHelper – HHH000204: Processing PersistenceUnitInfo [name: default]
1546 [main] INFO  org.hibernate.Version – HHH000412: Hibernate ORM core version 5.6.8.Final
1619 [main] INFO  o.h.annotations.common.Version – HCANN000001: Hibernate Commons Annotations {5.1.2.Final}
1677 [main] INFO  org.hibernate.dialect.Dialect – HHH000400: Using dialect: org.hibernate.dialect.PostgreSQL10Dialect
1958 [main] INFO  o.h.e.t.j.p.i.JtaPlatformInitiator – HHH000490: Using JtaPlatform implementation: [org.hibernate.engine.transaction.jta.platform.internal.NoJtaPlatform]
1963 [main] INFO  o.s.o.j.LocalContainerEntityManagerFactoryBean – Initialized JPA EntityManagerFactory for persistence unit 'default'
2208 [main] WARN  o.s.b.a.o.j.JpaBaseConfiguration$JpaWebConfiguration – spring.jpa.open-in-view is enabled by default. Therefore, database queries may be performed during view rendering. Explicitly configure spring.jpa.open-in-view to disable this warning
2313 [main] INFO  o.s.b.a.w.s.WelcomePageHandlerMapping – Adding welcome page: class path resource [static/index.html]
2421 [main] INFO  o.a.coyote.http11.Http11NioProtocol – Starting ProtocolHandler ["http-nio-8081"]
2430 [main] INFO  o.s.b.w.e.tomcat.TomcatWebServer – Tomcat started on port(s): 8081 (http) with context path ''
2438 [main] INFO  m.m.task18.Task18Application – Started Task18Application in 2.258 seconds (JVM running for 2.762)
10205 [http-nio-8081-exec-1] INFO  o.a.c.c.C.[Tomcat].[localhost].[/] – Initializing Spring DispatcherServlet 'dispatcherServlet'
10205 [http-nio-8081-exec-1] INFO  o.s.web.servlet.DispatcherServlet – Initializing Servlet 'dispatcherServlet'
10206 [http-nio-8081-exec-1] INFO  o.s.web.servlet.DispatcherServlet – Completed initialization in 1 ms
2395690 [SpringApplicationShutdownHook] INFO  o.s.o.j.LocalContainerEntityManagerFactoryBean – Closing JPA EntityManagerFactory for persistence unit 'default'
2395692 [SpringApplicationShutdownHook] INFO  com.zaxxer.hikari.HikariDataSource – HikariPool-1 - Shutdown initiated...
2395695 [SpringApplicationShutdownHook] INFO  com.zaxxer.hikari.HikariDataSource – HikariPool-1 - Shutdown completed.
561  [main] INFO  m.m.task18.Task18Application – Starting Task18Application using Java 17 on localhost with PID 58113 (/home/mikholskiyivan/main/mirea/mirea-java-patterns/JavaPatternMirea/src/me/mikholsky/task18/task18/build/classes/java/main started by mikholskiyivan in /home/mikholskiyivan/main/mirea/mirea-java-patterns/JavaPatternMirea)
563  [main] INFO  m.m.task18.Task18Application – No active profile set, falling back to 1 default profile: "default"
939  [main] INFO  o.s.d.r.c.RepositoryConfigurationDelegate – Bootstrapping Spring Data JPA repositories in DEFAULT mode.
971  [main] INFO  o.s.d.r.c.RepositoryConfigurationDelegate – Finished Spring Data repository scanning in 26 ms. Found 2 JPA repository interfaces.
1385 [main] INFO  o.s.b.w.e.tomcat.TomcatWebServer – Tomcat initialized with port(s): 8081 (http)
1389 [main] INFO  o.a.coyote.http11.Http11NioProtocol – Initializing ProtocolHandler ["http-nio-8081"]
1389 [main] INFO  o.a.catalina.core.StandardService – Starting service [Tomcat]
1390 [main] INFO  o.a.catalina.core.StandardEngine – Starting Servlet engine: [Apache Tomcat/9.0.62]
1481 [main] INFO  o.a.c.c.C.[Tomcat].[localhost].[/] – Initializing Spring embedded WebApplicationContext
1481 [main] INFO  o.s.b.w.s.c.ServletWebServerApplicationContext – Root WebApplicationContext: initialization completed in 881 ms
1570 [main] INFO  com.zaxxer.hikari.HikariDataSource – HikariPool-1 - Starting...
1672 [main] INFO  com.zaxxer.hikari.HikariDataSource – HikariPool-1 - Start completed.
1713 [main] INFO  o.h.jpa.internal.util.LogHelper – HHH000204: Processing PersistenceUnitInfo [name: default]
1749 [main] INFO  org.hibernate.Version – HHH000412: Hibernate ORM core version 5.6.8.Final
1854 [main] INFO  o.h.annotations.common.Version – HCANN000001: Hibernate Commons Annotations {5.1.2.Final}
1943 [main] INFO  org.hibernate.dialect.Dialect – HHH000400: Using dialect: org.hibernate.dialect.PostgreSQL10Dialect
2260 [main] INFO  o.h.e.t.j.p.i.JtaPlatformInitiator – HHH000490: Using JtaPlatform implementation: [org.hibernate.engine.transaction.jta.platform.internal.NoJtaPlatform]
2265 [main] INFO  o.s.o.j.LocalContainerEntityManagerFactoryBean – Initialized JPA EntityManagerFactory for persistence unit 'default'
2529 [main] WARN  o.s.b.a.o.j.JpaBaseConfiguration$JpaWebConfiguration – spring.jpa.open-in-view is enabled by default. Therefore, database queries may be performed during view rendering. Explicitly configure spring.jpa.open-in-view to disable this warning
2629 [main] INFO  o.s.b.a.w.s.WelcomePageHandlerMapping – Adding welcome page: class path resource [static/index.html]
2736 [main] INFO  o.a.coyote.http11.Http11NioProtocol – Starting ProtocolHandler ["http-nio-8081"]
2745 [main] INFO  o.s.b.w.e.tomcat.TomcatWebServer – Tomcat started on port(s): 8081 (http) with context path ''
2754 [main] INFO  m.m.task18.Task18Application – Started Task18Application in 2.546 seconds (JVM running for 3.039)
9352 [http-nio-8081-exec-1] INFO  o.a.c.c.C.[Tomcat].[localhost].[/] – Initializing Spring DispatcherServlet 'dispatcherServlet'
9352 [http-nio-8081-exec-1] INFO  o.s.web.servlet.DispatcherServlet – Initializing Servlet 'dispatcherServlet'
9353 [http-nio-8081-exec-1] INFO  o.s.web.servlet.DispatcherServlet – Completed initialization in 1 ms
12317 [http-nio-8081-exec-2] INFO  m.m.t.s.p.PostOfficeServiceSimpleImpl – Retrieving all post offices
42969 [http-nio-8081-exec-4] INFO  m.m.t.s.p.PostOfficeServiceSimpleImpl – Post office {PostOffice{id=6, name='KSE', cityName='Moscow', departures=[]}} saved
42978 [http-nio-8081-exec-5] INFO  m.m.t.s.p.PostOfficeServiceSimpleImpl – Retrieving all post offices
55563 [SpringApplicationShutdownHook] INFO  o.s.o.j.LocalContainerEntityManagerFactoryBean – Closing JPA EntityManagerFactory for persistence unit 'default'
55565 [SpringApplicationShutdownHook] INFO  com.zaxxer.hikari.HikariDataSource – HikariPool-1 - Shutdown initiated...
55567 [SpringApplicationShutdownHook] INFO  com.zaxxer.hikari.HikariDataSource – HikariPool-1 - Shutdown completed.
433  [main] INFO  m.m.task18.Task18Application – Starting Task18Application using Java 17 on localhost with PID 60512 (/home/mikholskiyivan/main/mirea/mirea-java-patterns/JavaPatternMirea/src/me/mikholsky/task18/task18/build/classes/java/main started by mikholskiyivan in /home/mikholskiyivan/main/mirea/mirea-java-patterns/JavaPatternMirea)
435  [main] INFO  m.m.task18.Task18Application – No active profile set, falling back to 1 default profile: "default"
799  [main] INFO  o.s.d.r.c.RepositoryConfigurationDelegate – Bootstrapping Spring Data JPA repositories in DEFAULT mode.
837  [main] INFO  o.s.d.r.c.RepositoryConfigurationDelegate – Finished Spring Data repository scanning in 31 ms. Found 2 JPA repository interfaces.
1303 [main] INFO  o.s.b.w.e.tomcat.TomcatWebServer – Tomcat initialized with port(s): 8081 (http)
1308 [main] INFO  o.a.coyote.http11.Http11NioProtocol – Initializing ProtocolHandler ["http-nio-8081"]
1309 [main] INFO  o.a.catalina.core.StandardService – Starting service [Tomcat]
1309 [main] INFO  o.a.catalina.core.StandardEngine – Starting Servlet engine: [Apache Tomcat/9.0.62]
1392 [main] INFO  o.a.c.c.C.[Tomcat].[localhost].[/] – Initializing Spring embedded WebApplicationContext
1392 [main] INFO  o.s.b.w.s.c.ServletWebServerApplicationContext – Root WebApplicationContext: initialization completed in 914 ms
1487 [main] INFO  com.zaxxer.hikari.HikariDataSource – HikariPool-1 - Starting...
1574 [main] INFO  com.zaxxer.hikari.HikariDataSource – HikariPool-1 - Start completed.
1610 [main] INFO  o.h.jpa.internal.util.LogHelper – HHH000204: Processing PersistenceUnitInfo [name: default]
1636 [main] INFO  org.hibernate.Version – HHH000412: Hibernate ORM core version 5.6.8.Final
1718 [main] INFO  o.h.annotations.common.Version – HCANN000001: Hibernate Commons Annotations {5.1.2.Final}
1774 [main] INFO  org.hibernate.dialect.Dialect – HHH000400: Using dialect: org.hibernate.dialect.PostgreSQL10Dialect
2105 [main] INFO  o.h.e.t.j.p.i.JtaPlatformInitiator – HHH000490: Using JtaPlatform implementation: [org.hibernate.engine.transaction.jta.platform.internal.NoJtaPlatform]
2110 [main] INFO  o.s.o.j.LocalContainerEntityManagerFactoryBean – Initialized JPA EntityManagerFactory for persistence unit 'default'
2366 [main] WARN  o.s.b.a.o.j.JpaBaseConfiguration$JpaWebConfiguration – spring.jpa.open-in-view is enabled by default. Therefore, database queries may be performed during view rendering. Explicitly configure spring.jpa.open-in-view to disable this warning
2468 [main] INFO  o.s.b.a.w.s.WelcomePageHandlerMapping – Adding welcome page: class path resource [static/index.html]
2572 [main] INFO  o.a.coyote.http11.Http11NioProtocol – Starting ProtocolHandler ["http-nio-8081"]
2581 [main] INFO  o.s.b.w.e.tomcat.TomcatWebServer – Tomcat started on port(s): 8081 (http) with context path ''
2590 [main] INFO  m.m.task18.Task18Application – Started Task18Application in 2.406 seconds (JVM running for 2.899)
9106 [http-nio-8081-exec-1] INFO  o.a.c.c.C.[Tomcat].[localhost].[/] – Initializing Spring DispatcherServlet 'dispatcherServlet'
9106 [http-nio-8081-exec-1] INFO  o.s.web.servlet.DispatcherServlet – Initializing Servlet 'dispatcherServlet'
9107 [http-nio-8081-exec-1] INFO  o.s.web.servlet.DispatcherServlet – Completed initialization in 1 ms
10395 [http-nio-8081-exec-2] INFO  m.m.t.s.p.PostOfficeServiceSimpleImpl – Retrieving all post offices
12497 [http-nio-8081-exec-3] INFO  m.m.t.s.d.DepartureServiceSimpleImpl – Retrieving all departures
23648 [http-nio-8081-exec-5] INFO  m.m.t.s.d.DepartureServiceSimpleImpl – Departure {Departure{id=null, type='Truck', date='21-02-2023', departurePostOffice=null}} saved
23678 [http-nio-8081-exec-6] INFO  m.m.t.s.d.DepartureServiceSimpleImpl – Retrieving all departures
40078 [SpringApplicationShutdownHook] INFO  o.s.o.j.LocalContainerEntityManagerFactoryBean – Closing JPA EntityManagerFactory for persistence unit 'default'
40079 [SpringApplicationShutdownHook] INFO  com.zaxxer.hikari.HikariDataSource – HikariPool-1 - Shutdown initiated...
40083 [SpringApplicationShutdownHook] INFO  com.zaxxer.hikari.HikariDataSource – HikariPool-1 - Shutdown completed.
535  [main] INFO  m.m.task18.Task18Application – Starting Task18Application using Java 17 on localhost with PID 61954 (/home/mikholskiyivan/main/mirea/mirea-java-patterns/JavaPatternMirea/src/me/mikholsky/task18/task18/build/classes/java/main started by mikholskiyivan in /home/mikholskiyivan/main/mirea/mirea-java-patterns/JavaPatternMirea)
537  [main] INFO  m.m.task18.Task18Application – No active profile set, falling back to 1 default profile: "default"
1007 [main] INFO  o.s.d.r.c.RepositoryConfigurationDelegate – Bootstrapping Spring Data JPA repositories in DEFAULT mode.
1043 [main] INFO  o.s.d.r.c.RepositoryConfigurationDelegate – Finished Spring Data repository scanning in 30 ms. Found 2 JPA repository interfaces.
1473 [main] INFO  o.s.b.w.e.tomcat.TomcatWebServer – Tomcat initialized with port(s): 8081 (http)
1478 [main] INFO  o.a.coyote.http11.Http11NioProtocol – Initializing ProtocolHandler ["http-nio-8081"]
1478 [main] INFO  o.a.catalina.core.StandardService – Starting service [Tomcat]
1478 [main] INFO  o.a.catalina.core.StandardEngine – Starting Servlet engine: [Apache Tomcat/9.0.62]
1555 [main] INFO  o.a.c.c.C.[Tomcat].[localhost].[/] – Initializing Spring embedded WebApplicationContext
1556 [main] INFO  o.s.b.w.s.c.ServletWebServerApplicationContext – Root WebApplicationContext: initialization completed in 949 ms
1637 [main] INFO  com.zaxxer.hikari.HikariDataSource – HikariPool-1 - Starting...
1716 [main] INFO  com.zaxxer.hikari.HikariDataSource – HikariPool-1 - Start completed.
1744 [main] INFO  o.h.jpa.internal.util.LogHelper – HHH000204: Processing PersistenceUnitInfo [name: default]
1767 [main] INFO  org.hibernate.Version – HHH000412: Hibernate ORM core version 5.6.8.Final
1833 [main] INFO  o.h.annotations.common.Version – HCANN000001: Hibernate Commons Annotations {5.1.2.Final}
1885 [main] INFO  org.hibernate.dialect.Dialect – HHH000400: Using dialect: org.hibernate.dialect.PostgreSQL10Dialect
2173 [main] INFO  o.h.e.t.j.p.i.JtaPlatformInitiator – HHH000490: Using JtaPlatform implementation: [org.hibernate.engine.transaction.jta.platform.internal.NoJtaPlatform]
2180 [main] INFO  o.s.o.j.LocalContainerEntityManagerFactoryBean – Initialized JPA EntityManagerFactory for persistence unit 'default'
2471 [main] WARN  o.s.b.a.o.j.JpaBaseConfiguration$JpaWebConfiguration – spring.jpa.open-in-view is enabled by default. Therefore, database queries may be performed during view rendering. Explicitly configure spring.jpa.open-in-view to disable this warning
2593 [main] INFO  o.s.b.a.w.s.WelcomePageHandlerMapping – Adding welcome page: class path resource [static/index.html]
2708 [main] INFO  o.a.coyote.http11.Http11NioProtocol – Starting ProtocolHandler ["http-nio-8081"]
2718 [main] INFO  o.s.b.w.e.tomcat.TomcatWebServer – Tomcat started on port(s): 8081 (http) with context path ''
2727 [main] INFO  m.m.task18.Task18Application – Started Task18Application in 2.513 seconds (JVM running for 3.026)
6825 [http-nio-8081-exec-1] INFO  o.a.c.c.C.[Tomcat].[localhost].[/] – Initializing Spring DispatcherServlet 'dispatcherServlet'
6825 [http-nio-8081-exec-1] INFO  o.s.web.servlet.DispatcherServlet – Initializing Servlet 'dispatcherServlet'
6826 [http-nio-8081-exec-1] INFO  o.s.web.servlet.DispatcherServlet – Completed initialization in 1 ms
6846 [http-nio-8081-exec-1] INFO  m.m.task18.aspects.LogAspect – Method {getAll} called
6854 [http-nio-8081-exec-1] INFO  m.m.t.s.d.DepartureServiceSimpleImpl – Retrieving all departures
6923 [http-nio-8081-exec-1] INFO  m.m.task18.aspects.LogAspect – Execution time of method {getAll} is 76
19813 [http-nio-8081-exec-2] INFO  m.m.task18.aspects.LogAspect – Method {deleteById} called
19813 [http-nio-8081-exec-2] INFO  m.m.t.s.d.DepartureServiceSimpleImpl – Deleting departures by id: {13}
19843 [http-nio-8081-exec-2] INFO  m.m.task18.aspects.LogAspect – Execution time of method {deleteById} is 30
19849 [http-nio-8081-exec-3] INFO  m.m.task18.aspects.LogAspect – Method {getAll} called
19850 [http-nio-8081-exec-3] INFO  m.m.t.s.d.DepartureServiceSimpleImpl – Retrieving all departures
19852 [http-nio-8081-exec-3] INFO  m.m.task18.aspects.LogAspect – Execution time of method {getAll} is 2
23225 [SpringApplicationShutdownHook] INFO  o.s.o.j.LocalContainerEntityManagerFactoryBean – Closing JPA EntityManagerFactory for persistence unit 'default'
23227 [SpringApplicationShutdownHook] INFO  com.zaxxer.hikari.HikariDataSource – HikariPool-1 - Shutdown initiated...
23230 [SpringApplicationShutdownHook] INFO  com.zaxxer.hikari.HikariDataSource – HikariPool-1 - Shutdown completed.
